[INFO] Error stacktraces are turned on.
[INFO] Scanning for projects...
[INFO] 
[INFO] ---------------------< com.example:UsuarioService >---------------------
[INFO] Building UsuarioService 0.0.1-SNAPSHOT
[INFO]   from pom.xml
[INFO] --------------------------------[ jar ]---------------------------------
[INFO] 
[INFO] --- resources:3.3.1:resources (default-resources) @ UsuarioService ---
[INFO] Copying 1 resource from src\main\resources to target\classes
[INFO] Copying 0 resource from src\main\resources to target\classes
[INFO] 
[INFO] --- compiler:3.14.1:compile (default-compile) @ UsuarioService ---
[INFO] Nothing to compile - all classes are up to date.
[INFO] 
[INFO] --- resources:3.3.1:testResources (default-testResources) @ UsuarioService ---
[INFO] skip non existing resourceDirectory C:\Users\Carlos\Desktop\FULLSTACK2MICROSERVICIOS\UsuarioService\src\test\resources
[INFO] 
[INFO] --- compiler:3.14.1:testCompile (default-testCompile) @ UsuarioService ---
[INFO] Recompiling the module because of changed source code.
[INFO] Compiling 7 source files with javac [debug parameters release 21] to target\test-classes
[INFO] -------------------------------------------------------------
[ERROR] COMPILATION ERROR : 
[INFO] -------------------------------------------------------------
[ERROR] /C:/Users/Carlos/Desktop/FULLSTACK2MICROSERVICIOS/UsuarioService/src/test/java/com/example/UsuarioService/controller/ClienteControllerTest.java:[4,42] package com.example.UsuarioService.service does not exist
[ERROR] /C:/Users/Carlos/Desktop/FULLSTACK2MICROSERVICIOS/UsuarioService/src/test/java/com/example/UsuarioService/controller/ClienteControllerTest.java:[29,13] cannot find symbol
  symbol:   class ClienteService
  location: class com.example.UsuarioService.controller.ClienteControllerTest
[ERROR] /C:/Users/Carlos/Desktop/FULLSTACK2MICROSERVICIOS/UsuarioService/src/test/java/com/example/UsuarioService/controller/PersonaControllerTest.java:[4,42] package com.example.UsuarioService.service does not exist
[ERROR] /C:/Users/Carlos/Desktop/FULLSTACK2MICROSERVICIOS/UsuarioService/src/test/java/com/example/UsuarioService/controller/PersonaControllerTest.java:[29,13] cannot find symbol
  symbol:   class PersonaService
  location: class com.example.UsuarioService.controller.PersonaControllerTest
[ERROR] /C:/Users/Carlos/Desktop/FULLSTACK2MICROSERVICIOS/UsuarioService/src/test/java/com/example/UsuarioService/controller/RolControllerTest.java:[4,42] package com.example.UsuarioService.service does not exist
[ERROR] /C:/Users/Carlos/Desktop/FULLSTACK2MICROSERVICIOS/UsuarioService/src/test/java/com/example/UsuarioService/controller/RolControllerTest.java:[29,13] cannot find symbol
  symbol:   class RolService
  location: class com.example.UsuarioService.controller.RolControllerTest
[ERROR] /C:/Users/Carlos/Desktop/FULLSTACK2MICROSERVICIOS/UsuarioService/src/test/java/com/example/UsuarioService/controller/TransportistaControllerTest.java:[4,42] package com.example.UsuarioService.service does not exist
[ERROR] /C:/Users/Carlos/Desktop/FULLSTACK2MICROSERVICIOS/UsuarioService/src/test/java/com/example/UsuarioService/controller/TransportistaControllerTest.java:[29,13] cannot find symbol
  symbol:   class TransportistaService
  location: class com.example.UsuarioService.controller.TransportistaControllerTest
[ERROR] /C:/Users/Carlos/Desktop/FULLSTACK2MICROSERVICIOS/UsuarioService/src/test/java/com/example/UsuarioService/controller/UsuarioControllerTest.java:[4,42] package com.example.UsuarioService.service does not exist
[ERROR] /C:/Users/Carlos/Desktop/FULLSTACK2MICROSERVICIOS/UsuarioService/src/test/java/com/example/UsuarioService/controller/UsuarioControllerTest.java:[29,13] cannot find symbol
  symbol:   class UsuarioService
  location: class com.example.UsuarioService.controller.UsuarioControllerTest
[INFO] 10 errors 
[INFO] -------------------------------------------------------------
[INFO] ------------------------------------------------------------------------
[INFO] BUILD FAILURE
[INFO] ------------------------------------------------------------------------
[INFO] Total time:  3.216 s
[INFO] Finished at: 2025-11-28T00:20:34-03:00
[INFO] ------------------------------------------------------------------------
[ERROR] Failed to execute goal org.apache.maven.plugins:maven-compiler-plugin:3.14.1:testCompile (default-testCompile) on project UsuarioService: Compilation failure: Compilation failure: 
[ERROR] /C:/Users/Carlos/Desktop/FULLSTACK2MICROSERVICIOS/UsuarioService/src/test/java/com/example/UsuarioService/controller/ClienteControllerTest.java:[4,42] package com.example.UsuarioService.service does not exist
[ERROR] /C:/Users/Carlos/Desktop/FULLSTACK2MICROSERVICIOS/UsuarioService/src/test/java/com/example/UsuarioService/controller/ClienteControllerTest.java:[29,13] cannot find symbol
[ERROR]   symbol:   class ClienteService
[ERROR]   location: class com.example.UsuarioService.controller.ClienteControllerTest
[ERROR] /C:/Users/Carlos/Desktop/FULLSTACK2MICROSERVICIOS/UsuarioService/src/test/java/com/example/UsuarioService/controller/PersonaControllerTest.java:[4,42] package com.example.UsuarioService.service does not exist
[ERROR] /C:/Users/Carlos/Desktop/FULLSTACK2MICROSERVICIOS/UsuarioService/src/test/java/com/example/UsuarioService/controller/PersonaControllerTest.java:[29,13] cannot find symbol
[ERROR]   symbol:   class PersonaService
[ERROR]   location: class com.example.UsuarioService.controller.PersonaControllerTest
[ERROR] /C:/Users/Carlos/Desktop/FULLSTACK2MICROSERVICIOS/UsuarioService/src/test/java/com/example/UsuarioService/controller/RolControllerTest.java:[4,42] package com.example.UsuarioService.service does not exist
[ERROR] /C:/Users/Carlos/Desktop/FULLSTACK2MICROSERVICIOS/UsuarioService/src/test/java/com/example/UsuarioService/controller/RolControllerTest.java:[29,13] cannot find symbol
[ERROR]   symbol:   class RolService
[ERROR]   location: class com.example.UsuarioService.controller.RolControllerTest
[ERROR] /C:/Users/Carlos/Desktop/FULLSTACK2MICROSERVICIOS/UsuarioService/src/test/java/com/example/UsuarioService/controller/TransportistaControllerTest.java:[4,42] package com.example.UsuarioService.service does not exist
[ERROR] /C:/Users/Carlos/Desktop/FULLSTACK2MICROSERVICIOS/UsuarioService/src/test/java/com/example/UsuarioService/controller/TransportistaControllerTest.java:[29,13] cannot find symbol
[ERROR]   symbol:   class TransportistaService
[ERROR]   location: class com.example.UsuarioService.controller.TransportistaControllerTest
[ERROR] /C:/Users/Carlos/Desktop/FULLSTACK2MICROSERVICIOS/UsuarioService/src/test/java/com/example/UsuarioService/controller/UsuarioControllerTest.java:[4,42] package com.example.UsuarioService.service does not exist
[ERROR] /C:/Users/Carlos/Desktop/FULLSTACK2MICROSERVICIOS/UsuarioService/src/test/java/com/example/UsuarioService/controller/UsuarioControllerTest.java:[29,13] cannot find symbol
[ERROR]   symbol:   class UsuarioService
[ERROR]   location: class com.example.UsuarioService.controller.UsuarioControllerTest
[ERROR] -> [Help 1]
org.apache.maven.lifecycle.LifecycleExecutionException: Failed to execute goal org.apache.maven.plugins:maven-compiler-plugin:3.14.1:testCompile (default-testCompile) on project UsuarioService: Compilation failure
    at org.apache.maven.lifecycle.internal.MojoExecutor.doExecute2 (MojoExecutor.java:333)
    at org.apache.maven.lifecycle.internal.MojoExecutor.doExecute (MojoExecutor.java:316)
    at org.apache.maven.lifecycle.internal.MojoExecutor.execute (MojoExecutor.java:212)
    at org.apache.maven.lifecycle.internal.MojoExecutor.execute (MojoExecutor.java:174)
    at org.apache.maven.lifecycle.internal.MojoExecutor.access$000 (MojoExecutor.java:75)
    at org.apache.maven.lifecycle.internal.MojoExecutor$1.run (MojoExecutor.java:162)
    at org.apache.maven.plugin.DefaultMojosExecutionStrategy.execute (DefaultMojosExecutionStrategy.java:39)
    at org.apache.maven.lifecycle.internal.MojoExecutor.execute (MojoExecutor.java:159)
    at org.apache.maven.lifecycle.internal.LifecycleModuleBuilder.buildProject (LifecycleModuleBuilder.java:105)
    at org.apache.maven.lifecycle.internal.LifecycleModuleBuilder.buildProject (LifecycleModuleBuilder.java:73)
    at org.apache.maven.lifecycle.internal.builder.singlethreaded.SingleThreadedBuilder.build (SingleThreadedBuilder.java:53)
    at org.apache.maven.lifecycle.internal.LifecycleStarter.execute (LifecycleStarter.java:118)
    at org.apache.maven.DefaultMaven.doExecute (DefaultMaven.java:261)
    at org.apache.maven.DefaultMaven.doExecute (DefaultMaven.java:173)
    at org.apache.maven.DefaultMaven.execute (DefaultMaven.java:101)
    at org.apache.maven.cli.MavenCli.execute (MavenCli.java:906)
    at org.apache.maven.cli.MavenCli.doMain (MavenCli.java:283)
    at org.apache.maven.cli.MavenCli.main (MavenCli.java:206)
    at jdk.internal.reflect.DirectMethodHandleAccessor.invoke (DirectMethodHandleAccessor.java:103)
    at java.lang.reflect.Method.invoke (Method.java:580)
    at org.codehaus.plexus.classworlds.launcher.Launcher.launchEnhanced (Launcher.java:255)
    at org.codehaus.plexus.classworlds.launcher.Launcher.launch (Launcher.java:201)
    at org.codehaus.plexus.classworlds.launcher.Launcher.mainWithExitCode (Launcher.java:361)
    at org.codehaus.plexus.classworlds.launcher.Launcher.main (Launcher.java:314)
Caused by: org.apache.maven.plugin.compiler.CompilationFailureException: Compilation failure
    at org.apache.maven.plugin.compiler.AbstractCompilerMojo.executeReal (AbstractCompilerMojo.java:1318)
    at org.apache.maven.plugin.compiler.AbstractCompilerMojo.execute (AbstractCompilerMojo.java:708)
    at org.apache.maven.plugin.compiler.TestCompilerMojo.execute (TestCompilerMojo.java:208)
    at org.apache.maven.plugin.DefaultBuildPluginManager.executeMojo (DefaultBuildPluginManager.java:126)
    at org.apache.maven.lifecycle.internal.MojoExecutor.doExecute2 (MojoExecutor.java:328)
    at org.apache.maven.lifecycle.internal.MojoExecutor.doExecute (MojoExecutor.java:316)
    at org.apache.maven.lifecycle.internal.MojoExecutor.execute (MojoExecutor.java:212)
    at org.apache.maven.lifecycle.internal.MojoExecutor.execute (MojoExecutor.java:174)
    at org.apache.maven.lifecycle.internal.MojoExecutor.access$000 (MojoExecutor.java:75)
    at org.apache.maven.lifecycle.internal.MojoExecutor$1.run (MojoExecutor.java:162)
    at org.apache.maven.plugin.DefaultMojosExecutionStrategy.execute (DefaultMojosExecutionStrategy.java:39)
    at org.apache.maven.lifecycle.internal.MojoExecutor.execute (MojoExecutor.java:159)
    at org.apache.maven.lifecycle.internal.LifecycleModuleBuilder.buildProject (LifecycleModuleBuilder.java:105)
    at org.apache.maven.lifecycle.internal.LifecycleModuleBuilder.buildProject (LifecycleModuleBuilder.java:73)
    at org.apache.maven.lifecycle.internal.builder.singlethreaded.SingleThreadedBuilder.build (SingleThreadedBuilder.java:53)
    at org.apache.maven.lifecycle.internal.LifecycleStarter.execute (LifecycleStarter.java:118)
    at org.apache.maven.DefaultMaven.doExecute (DefaultMaven.java:261)
    at org.apache.maven.DefaultMaven.doExecute (DefaultMaven.java:173)
    at org.apache.maven.DefaultMaven.execute (DefaultMaven.java:101)
    at org.apache.maven.cli.MavenCli.execute (MavenCli.java:906)
    at org.apache.maven.cli.MavenCli.doMain (MavenCli.java:283)
    at org.apache.maven.cli.MavenCli.main (MavenCli.java:206)
    at jdk.internal.reflect.DirectMethodHandleAccessor.invoke (DirectMethodHandleAccessor.java:103)
    at java.lang.reflect.Method.invoke (Method.java:580)
    at org.codehaus.plexus.classworlds.launcher.Launcher.launchEnhanced (Launcher.java:255)
    at org.codehaus.plexus.classworlds.launcher.Launcher.launch (Launcher.java:201)
    at org.codehaus.plexus.classworlds.launcher.Launcher.mainWithExitCode (Launcher.java:361)
    at org.codehaus.plexus.classworlds.launcher.Launcher.main (Launcher.java:314)
[ERROR] 
[ERROR] Re-run Maven using the -X switch to enable full debug logging.
[ERROR] 
[ERROR] For more information about the errors and possible solutions, please read the following articles:
[ERROR] [Help 1] http://cwiki.apache.org/confluence/display/MAVEN/MojoFailureException
